<?xml version="1.0" encoding="UTF-8"?>
<!-- Generated by org.testng.reporters.JUnitReportReporter -->
<testsuite hostname="DESKTOP-VDUAOBV" failures="0" tests="1" name="Com.Test.AddUserTest" time="0.184" errors="0" timestamp="2024-04-03T14:10:36 IST" skipped="0">
  <testcase classname="Com.Test.AddUserTest" name="verifyAdduser" time="0.184"/>
  <system-out/>
</testsuite> <!-- Com.Test.AddUserTest -->
