<?xml version="1.0" encoding="UTF-8"?>
<!-- Generated by org.testng.reporters.JUnitReportReporter -->
<testsuite hostname="DESKTOP-VDUAOBV" failures="0" tests="1" name="Com.Base.BaseClass" time="2.279" errors="0" timestamp="2024-04-03T00:16:17 IST" skipped="0">
  <testcase classname="Com.Base.BaseClass" name="browserlaunch" time="2.279"/>
  <system-out/>
</testsuite> <!-- Com.Base.BaseClass -->
