<?xml version="1.0" encoding="UTF-8"?>
<!-- Generated by org.testng.reporters.JUnitReportReporter -->
<testsuite hostname="DESKTOP-VDUAOBV" failures="0" tests="1" name="Com.Test.LoginTest" time="0.256" errors="0" timestamp="2024-04-03T14:09:59 IST" skipped="0">
  <testcase classname="Com.Test.LoginTest" name="VerifyLogin" time="0.256"/>
  <system-out/>
</testsuite> <!-- Com.Test.LoginTest -->
